<?xml version="1.0" encoding="UTF-8"?>
<testsuites>
  <testsuite name="CodeIgniter Application Test Suite" tests="9" assertions="13" failures="0" errors="0" time="1.673450">
    <testsuite name="NewsTest" file="/var/www/ci2/application/tests/controllers/NewsTest.php" tests="1" assertions="1" failures="0" errors="0" time="0.102135">
      <testcase name="testNewsControllerFuncIndex" class="NewsTest" file="/var/www/ci2/application/tests/controllers/NewsTest.php" line="5" assertions="1" time="0.102135"/>
    </testsuite>
    <testsuite name="NewsModelTest" file="/var/www/ci2/application/tests/models/NewsModelTest.php" tests="8" assertions="12" failures="0" errors="0" time="1.571316">
      <testsuite name="NewsModelTest::testGetNews" tests="4" assertions="8" failures="0" errors="0" time="0.778985">
        <testcase name="testGetNews with data set #0" assertions="2" time="0.129928"/>
        <testcase name="testGetNews with data set #1" assertions="2" time="0.155588"/>
        <testcase name="testGetNews with data set #2" assertions="2" time="0.206079"/>
        <testcase name="testGetNews with data set #3" assertions="2" time="0.287390"/>
      </testsuite>
      <testsuite name="NewsModelTest::testRecodeCount" tests="4" assertions="4" failures="0" errors="0" time="0.792330">
        <testcase name="testRecodeCount with data set #0" assertions="1" time="0.127183"/>
        <testcase name="testRecodeCount with data set #1" assertions="1" time="0.183459"/>
        <testcase name="testRecodeCount with data set #2" assertions="1" time="0.225263"/>
        <testcase name="testRecodeCount with data set #3" assertions="1" time="0.256425"/>
      </testsuite>
    </testsuite>
  </testsuite>
</testsuites>
